<?xml version="1.0" encoding="UTF-8"?>
<!-- Generated by org.testng.reporters.JUnitReportReporter -->
<testsuite hostname="DESKTOP-10E3PP0" failures="0" tests="1" name="LearnAppium.Appium.ScrollGesture" time="10.022" errors="0" timestamp="2024-02-22T06:55:32 EST" skipped="0">
  <testcase classname="LearnAppium.Appium.ScrollGesture" name="ScrollGesturetest" time="10.022"/>
</testsuite> <!-- LearnAppium.Appium.ScrollGesture -->
