<?xml version="1.0" encoding="UTF-8"?>
<!-- Generated by org.testng.reporters.JUnitReportReporter -->
<testsuite hostname="DESKTOP-10E3PP0" failures="0" tests="1" name="DerivMobileAutomation.tests.calculatorTestCase" time="13.740" errors="0" timestamp="2024-02-24T11:34:18 EST" skipped="0">
  <testcase classname="DerivMobileAutomation.tests.calculatorTestCase" name="divisonOperation" time="13.740"/>
</testsuite> <!-- DerivMobileAutomation.tests.calculatorTestCase -->
