<?xml version="1.0" encoding="UTF-8"?>
<!-- Generated by org.testng.reporters.JUnitReportReporter -->
<testsuite hostname="DESKTOP-10E3PP0" failures="0" tests="1" name="LearnAppium.Appium.Dragdropgesture" time="5.889" errors="0" timestamp="2024-02-22T09:05:11 EST" skipped="0">
  <testcase classname="LearnAppium.Appium.Dragdropgesture" name="Dragdropgesturetest" time="5.889"/>
</testsuite> <!-- LearnAppium.Appium.Dragdropgesture -->
