<?xml version="1.0" encoding="UTF-8"?>
<!-- Generated by org.testng.reporters.JUnitReportReporter -->
<testsuite hostname="DESKTOP-10E3PP0" failures="0" tests="2" name="AppiumFramework.tests.ecommerceTestCase1" time="15.506" errors="0" timestamp="2024-02-23T10:50:25 EST" skipped="0">
  <testcase classname="AppiumFramework.tests.ecommerceTestCase1" name="fillform_invaliddetails" time="8.401"/>
  <testcase classname="AppiumFramework.tests.ecommerceTestCase1" name="fillForm_positiveflow" time="7.105"/>
</testsuite> <!-- AppiumFramework.tests.ecommerceTestCase1 -->
