<?xml version="1.0" encoding="UTF-8"?>
<!-- Generated by org.testng.reporters.JUnitReportReporter -->
<testsuite hostname="DESKTOP-10E3PP0" failures="0" tests="1" name="LearnAppium.Appium.AppiumBasics" time="8.479" errors="0" timestamp="2024-02-22T02:59:28 EST" skipped="0">
  <testcase classname="LearnAppium.Appium.AppiumBasics" name="AppiumTest" time="8.479"/>
</testsuite> <!-- LearnAppium.Appium.AppiumBasics -->
