<?xml version="1.0" encoding="UTF-8"?>
<!-- Generated by org.testng.reporters.JUnitReportReporter -->
<testsuite hostname="DESKTOP-10E3PP0" failures="0" tests="1" name="LearnAppium.Appium.LongPressGesture" time="7.562" errors="0" timestamp="2024-02-22T05:51:17 EST" skipped="0">
  <testcase classname="LearnAppium.Appium.LongPressGesture" name="LongPressGesturetest" time="7.562"/>
</testsuite> <!-- LearnAppium.Appium.LongPressGesture -->
