<?xml version="1.0" encoding="UTF-8"?>
<!-- Generated by org.testng.reporters.JUnitReportReporter -->
<testsuite hostname="DESKTOP-10E3PP0" failures="0" tests="1" name="AppiumFramework.tests.AppiumBasics" time="0.021" errors="0" timestamp="2024-02-24T00:56:19 EST" skipped="0">
  <testcase classname="AppiumFramework.tests.AppiumBasics" name="AppiumTest" time="0.021"/>
</testsuite> <!-- AppiumFramework.tests.AppiumBasics -->
