<?xml version="1.0" encoding="UTF-8"?>
<!-- Generated by org.testng.reporters.JUnitReportReporter -->
<testsuite hostname="DESKTOP-10E3PP0" failures="0" tests="2" name="LearnAppium.Appium.ecommerceTestCase1" time="11.885" errors="0" timestamp="2024-02-23T08:58:57 EST" skipped="0">
  <testcase classname="LearnAppium.Appium.ecommerceTestCase1" name="fillForm_positiveflow" time="6.795"/>
  <testcase classname="LearnAppium.Appium.ecommerceTestCase1" name="fillform_invaliddetails" time="5.090"/>
</testsuite> <!-- LearnAppium.Appium.ecommerceTestCase1 -->
