<?xml version="1.0" encoding="UTF-8"?>
<!-- Generated by org.testng.reporters.JUnitReportReporter -->
<testsuite hostname="DESKTOP-10E3PP0" failures="0" tests="1" name="LearnAppium.Appium.ecommerceTestCase3" time="12.681" errors="0" timestamp="2024-02-23T02:03:49 EST" skipped="0">
  <testcase classname="LearnAppium.Appium.ecommerceTestCase3" name="sumItemCart" time="12.681"/>
</testsuite> <!-- LearnAppium.Appium.ecommerceTestCase3 -->
