<?xml version="1.0" encoding="UTF-8"?>
<!-- Generated by org.testng.reporters.JUnitReportReporter -->
<testsuite hostname="DESKTOP-10E3PP0" failures="0" tests="1" name="LearnAppium.Appium.ecommerceTestCase2" time="17.376" errors="0" timestamp="2024-02-22T15:21:08 EST" skipped="0">
  <testcase classname="LearnAppium.Appium.ecommerceTestCase2" name="scrollItemATC" time="17.376"/>
</testsuite> <!-- LearnAppium.Appium.ecommerceTestCase2 -->
