<?xml version="1.0" encoding="UTF-8"?>
<!-- Generated by org.testng.reporters.JUnitReportReporter -->
<testsuite hostname="DESKTOP-10E3PP0" failures="0" tests="1" name="LearnAppium.Appium.SwipeGesture" time="7.414" errors="0" timestamp="2024-02-22T07:40:39 EST" skipped="0">
  <testcase classname="LearnAppium.Appium.SwipeGesture" name="ScrollGesturetest" time="7.414"/>
</testsuite> <!-- LearnAppium.Appium.SwipeGesture -->
