<?xml version="1.0" encoding="UTF-8"?>
<!-- Generated by org.testng.reporters.JUnitReportReporter -->
<testsuite hostname="DESKTOP-10E3PP0" failures="0" tests="4" name="DerivMobileAutomation.tests.calculatorTestCase" time="53.711" errors="0" timestamp="2024-02-24T11:51:42 EST" skipped="0">
  <testcase classname="DerivMobileAutomation.tests.calculatorTestCase" name="divisonOperation" time="12.513"/>
  <testcase classname="DerivMobileAutomation.tests.calculatorTestCase" name="additionOperation" time="13.789"/>
  <testcase classname="DerivMobileAutomation.tests.calculatorTestCase" name="multiplicationOperation" time="13.403"/>
  <testcase classname="DerivMobileAutomation.tests.calculatorTestCase" name="subtractionOperation" time="14.006"/>
</testsuite> <!-- DerivMobileAutomation.tests.calculatorTestCase -->
